<?xml version="1.0" encoding="UTF-8"?>
<!-- Generated by org.testng.reporters.JUnitXMLReporter -->
<testsuite hostname="DESKTOP-EI8FGHC" ignored="0" name="Default test" tests="30" failures="0" timestamp="2022-08-29T13:53:09 IST" time="4733.501" errors="0">
  <testcase name="TC13" time="35.918" classname="nursingSystem_Page_Tests.Login_Page_Test"/>
  <testcase name="TC14" time="39.851" classname="nursingSystem_Page_Tests.Login_Page_Test"/>
  <testcase name="TC15" time="39.606" classname="nursingSystem_Page_Tests.Login_Page_Test"/>
  <testcase name="TC16" time="41.36" classname="nursingSystem_Page_Tests.Login_Page_Test"/>
  <testcase name="TC17" time="38.929" classname="nursingSystem_Page_Tests.Login_Page_Test"/>
  <testcase name="TC18" time="49.828" classname="nursingSystem_Page_Tests.Login_Page_Test"/>
  <testcase name="TC19" time="47.349" classname="nursingSystem_Page_Tests.Login_Page_Test"/>
  <testcase name="TC20" time="44.833" classname="nursingSystem_Page_Tests.Login_Page_Test"/>
  <testcase name="TC21" time="43.513" classname="nursingSystem_Page_Tests.Login_Page_Test"/>
  <testcase name="TC22" time="43.105" classname="nursingSystem_Page_Tests.Login_Page_Test"/>
  <testcase name="TC23" time="47.15" classname="nursingSystem_Page_Tests.Login_Page_Test"/>
  <testcase name="TC24" time="51.91" classname="nursingSystem_Page_Tests.Login_Page_Test"/>
  <testcase name="TC25" time="54.853" classname="nursingSystem_Page_Tests.Login_Page_Test"/>
  <testcase name="TC26" time="55.582" classname="nursingSystem_Page_Tests.Login_Page_Test"/>
  <testcase name="TC27" time="54.041" classname="nursingSystem_Page_Tests.Login_Page_Test"/>
  <testcase name="TC28" time="65.111" classname="nursingSystem_Page_Tests.Login_Page_Test"/>
  <testcase name="TC29" time="62.955" classname="nursingSystem_Page_Tests.Login_Page_Test"/>
  <testcase name="TC30" time="59.084" classname="nursingSystem_Page_Tests.Login_Page_Test"/>
  <testcase name="TC31" time="81.961" classname="nursingSystem_Page_Tests.Login_Page_Test"/>
  <testcase name="TC32" time="81.108" classname="nursingSystem_Page_Tests.Login_Page_Test"/>
  <testcase name="TC33" time="90.077" classname="nursingSystem_Page_Tests.Login_Page_Test"/>
  <testcase name="TC34" time="105.809" classname="nursingSystem_Page_Tests.Login_Page_Test"/>
  <testcase name="TC35" time="139.757" classname="nursingSystem_Page_Tests.Login_Page_Test"/>
  <testcase name="TC36" time="136.247" classname="nursingSystem_Page_Tests.Login_Page_Test"/>
  <testcase name="TC37" time="240.512" classname="nursingSystem_Page_Tests.Login_Page_Test"/>
  <testcase name="TC38" time="386.007" classname="nursingSystem_Page_Tests.Login_Page_Test"/>
  <testcase name="TC39" time="508.617" classname="nursingSystem_Page_Tests.Login_Page_Test"/>
  <testcase name="TC40" time="490.72" classname="nursingSystem_Page_Tests.Login_Page_Test"/>
  <testcase name="TC41" time="428.789" classname="nursingSystem_Page_Tests.Login_Page_Test"/>
  <testcase name="TC42" time="493.689" classname="nursingSystem_Page_Tests.Login_Page_Test"/>
</testsuite> <!-- Default test -->
